<?xml version="1.0" encoding="UTF-8"?>
<testng-results skipped="0" failed="0" ignored="0" total="1" passed="1">
  <reporter-output>
  </reporter-output>
  <suite name="Default suite" duration-ms="4211" started-at="2020-05-22T03:30:43Z" finished-at="2020-05-22T03:30:47Z">
    <groups>
    </groups>
    <test name="Default test" duration-ms="4211" started-at="2020-05-22T03:30:43Z" finished-at="2020-05-22T03:30:47Z">
      <class name="udemyRestAssured.GoogleMapSendPostRequestValidateResponse">
        <test-method status="PASS" signature="basics()[pri:0, instance:udemyRestAssured.GoogleMapSendPostRequestValidateResponse@1ce4f0a]" name="basics" duration-ms="4181" started-at="2020-05-22T03:30:43Z" finished-at="2020-05-22T03:30:47Z">
          <reporter-output>
          </reporter-output>
        </test-method> <!-- basics -->
      </class> <!-- udemyRestAssured.GoogleMapSendPostRequestValidateResponse -->
    </test> <!-- Default test -->
  </suite> <!-- Default suite -->
</testng-results>
